C51 COMPILER V9.60.0.0   MAIN                                                              04/09/2023 12:57:24 PAGE 1   


C51 COMPILER V9.60.0.0, COMPILATION OF MODULE MAIN
OBJECT MODULE PLACED IN .\Objects\main.obj
COMPILER INVOKED BY: D:\Kile V5\C51\BIN\C51.EXE main.c OPTIMIZE(8,SPEED) BROWSE DEBUG OBJECTEXTEND PRINT(.\Listings\main
                    -.lst) TABS(2) OBJECT(.\Objects\main.obj)

line level    source

   1          #include "STC8H.H"
   2          #include "SPI.h"
   3          #include "USART.h"
   4          #include "SI24R1.h"
   5          
   6          void SystemDataProcess(void);
   7          
   8          unsigned long delay;
   9          unsigned char* bufferPtr;
  10          char SendBuffer[27]={0};
  11          
  12          struct{
  13            int temperature;
  14            unsigned long pressure;
  15            unsigned int humidity;
  16            unsigned int Voltage;
  17          }SystemData;
  18          
  19          
  20          
  21          void main(void){
  22   1        USART_Init(115200);
  23   1        hardwareSPIInit();
  24   1        for(delay=0;delay<65535;delay++);
  25   1        SI24R1_Init();
  26   1        bufferPtr=SI24R1_GetData();
  27   1        while(1){
  28   2          if(SI24R1_GetStatus()){
  29   3            SI24R1_ReadReceiveData();
  30   3            SystemDataProcess();
  31   3            USART_SendStr(SendBuffer);
  32   3            SI24R1_ClearFlag();
  33   3          }
  34   2        }
  35   1      }
  36          
  37          void SystemDataProcess(void){
  38   1        unsigned char i;
  39   1        for(i=2;i>0;i--){
  40   2          SystemData.temperature<<=8;
  41   2          SystemData.temperature|=*(bufferPtr+i-1);
  42   2        }
  43   1        for(i=4;i>0;i--){
  44   2          SystemData.pressure<<=8;
  45   2          SystemData.pressure|=*(bufferPtr+2+i-1);
  46   2        }
  47   1        for(i=2;i>0;i--){
  48   2          SystemData.humidity<<=8;
  49   2          SystemData.humidity|=*(bufferPtr+6+i-1);
  50   2        }
  51   1        for(i=2;i>0;i--){
  52   2          SystemData.Voltage<<=8;
  53   2          SystemData.Voltage|=*(bufferPtr+8+i-1);
  54   2        }
C51 COMPILER V9.60.0.0   MAIN                                                              04/09/2023 12:57:24 PAGE 2   

  55   1        SendBuffer[4]='0'+SystemData.temperature%10;
  56   1        SystemData.temperature/=10;
  57   1        SendBuffer[3]='0'+SystemData.temperature%10;
  58   1        SystemData.temperature/=10;
  59   1        SendBuffer[2]='.';
  60   1        SendBuffer[1]='0'+SystemData.temperature%10;
  61   1        SystemData.temperature/=10;
  62   1        SendBuffer[0]='0'+SystemData.temperature%10;
  63   1        SendBuffer[5]=',';
  64   1      
  65   1        SendBuffer[11]='0'+SystemData.pressure%10;
  66   1        SystemData.pressure/=10;
  67   1        SendBuffer[10]='0'+SystemData.pressure%10;
  68   1        SystemData.pressure/=10;
  69   1        SendBuffer[9]='0'+SystemData.pressure%10;
  70   1        SystemData.pressure/=10;
  71   1        SendBuffer[8]='.';
  72   1        SendBuffer[7]='0'+SystemData.pressure%10;
  73   1        SystemData.pressure/=10;
  74   1        SendBuffer[6]='0'+SystemData.pressure%10;
  75   1        SendBuffer[12]=',';
  76   1      
  77   1        SendBuffer[17]='0'+SystemData.humidity%10;
  78   1        SystemData.humidity/=10;
  79   1        SendBuffer[16]='.';
  80   1        SendBuffer[15]='0'+SystemData.humidity%10;
  81   1        SystemData.humidity/=10;
  82   1        SendBuffer[14]='0'+SystemData.humidity%10;
  83   1        SystemData.humidity/=10;
  84   1        SendBuffer[13]='0'+SystemData.humidity%10;
  85   1        SendBuffer[18]=',';
  86   1      
  87   1        SendBuffer[23]='0'+SystemData.Voltage%10;
  88   1        SystemData.Voltage/=10;
  89   1        SendBuffer[22]='0'+SystemData.Voltage%10;
  90   1        SystemData.Voltage/=10;
  91   1        SendBuffer[21]='.';
  92   1        SendBuffer[20]='0'+SystemData.Voltage%10;
  93   1        SystemData.Voltage/=10;
  94   1        SendBuffer[19]='0'+SystemData.Voltage%10;
  95   1        SendBuffer[24]='\r';
  96   1        SendBuffer[25]='\n';
  97   1        SendBuffer[26]='\0';
  98   1      }


MODULE INFORMATION:   STATIC OVERLAYABLE
   CODE SIZE        =    818    ----
   CONSTANT SIZE    =   ----    ----
   XDATA SIZE       =   ----    ----
   PDATA SIZE       =   ----    ----
   DATA SIZE        =     44       1
   IDATA SIZE       =   ----    ----
   BIT SIZE         =   ----    ----
END OF MODULE INFORMATION.


C51 COMPILATION COMPLETE.  0 WARNING(S),  0 ERROR(S)
