C51 COMPILER V9.60.0.0   USART                                                             04/09/2023 12:57:24 PAGE 1   


C51 COMPILER V9.60.0.0, COMPILATION OF MODULE USART
OBJECT MODULE PLACED IN .\Objects\USART.obj
COMPILER INVOKED BY: D:\Kile V5\C51\BIN\C51.EXE USART.c OPTIMIZE(8,SPEED) BROWSE DEBUG OBJECTEXTEND PRINT(.\Listings\USA
                    -RT.lst) TABS(2) OBJECT(.\Objects\USART.obj)

line level    source

   1          #include "USART.h"
   2          
   3          bit USART_busy;
   4          
   5          char USART_SendBuffer[10];
   6          
   7          void UsartIsr() interrupt 4{
   8   1        if(TI){
   9   2          TI=0;
  10   2          USART_busy=0;
  11   2        }
  12   1        if(RI){
  13   2          RI=0;
  14   2        }
  15   1      }
  16          
  17          void USART_Init(unsigned long baud){
  18   1        unsigned int i=(int)(65536-FOSC/4/baud);
  19   1        P_SW2|=0x80;//使能访问XFR
  20   1        P3M0&=~0x03;
  21   1        P3M1&=~0x03;//设置P3.1和P3.0为准双向GPIO
  22   1      
  23   1        AUXR|=0x04;//选择1T模式
  24   1        T2L=i;
  25   1        T2H=i>>8;//设置定时器重装载值
  26   1      
  27   1        SCON=0x50;//设置UART1为模式一，使能UART1接收
  28   1        AUXR|=0x01;//选择定时器二为波特率发生器
  29   1        ES=1;//开启中断
  30   1        AUXR|=0x10;//启动定时器二
  31   1        EA=1;
  32   1      }
  33          
  34          void USART_SendByte(char info){
  35   1        USART_busy=1;
  36   1        SBUF=info;
  37   1        while(USART_busy);
  38   1      }
  39          
  40          void USART_SendStr(char* ptr){
  41   1        while(*ptr!='\0'){
  42   2          USART_SendByte(*ptr);
  43   2          ptr++;
  44   2        }
  45   1      }
  46          
  47          void USART_SendNumberInWord(unsigned long number,unsigned char length){
  48   1        unsigned char i;
  49   1        for(i=0;i<length;i++){
  50   2          USART_SendBuffer[i]=number%10;
  51   2          number/=10;
  52   2        }
  53   1        for(i=length;i>0;i--)
  54   1          USART_SendByte('0'+USART_SendBuffer[i-1]);
C51 COMPILER V9.60.0.0   USART                                                             04/09/2023 12:57:24 PAGE 2   

  55   1      }


MODULE INFORMATION:   STATIC OVERLAYABLE
   CODE SIZE        =    199    ----
   CONSTANT SIZE    =   ----    ----
   XDATA SIZE       =   ----    ----
   PDATA SIZE       =   ----    ----
   DATA SIZE        =     10       6
   IDATA SIZE       =   ----    ----
   BIT SIZE         =      1    ----
END OF MODULE INFORMATION.


C51 COMPILATION COMPLETE.  0 WARNING(S),  0 ERROR(S)
